<?xml version="1.0" encoding="UTF-8"?>
<testsuite xmlns:xsi="http://www.w3.org/2001/XMLSchema-instance" xsi:noNamespaceSchemaLocation="https://maven.apache.org/surefire/maven-surefire-plugin/xsd/surefire-test-report.xsd" version="3.0.2" name="com.c7.aeroporto.AeroportoApplicationTests" time="6.48" tests="1" errors="0" skipped="0" failures="0">
  <properties>
[...]
</properties>
  <testcase name="contextLoads" classname="com.c7.aeroporto.AeroportoApplicationTests" time="0.382">
    <system-out><![CDATA[11:28:57.996 [main] INFO org.springframework.test.context.support.AnnotationConfigContextLoaderUtils -- Could not detect default configuration classes for test class [com.c7.aeroporto.AeroportoApplicationTests]: AeroportoApplicationTests does not declare any static, non-private, non-final, nested classes annotated with @Configuration.
11:28:58.145 [main] INFO org.springframework.boot.test.context.SpringBootTestContextBootstrapper -- Found @SpringBootConfiguration com.c7.aeroporto.AeroportoApplication for test class com.c7.aeroporto.AeroportoApplicationTests
11:28:58.345 [main] INFO org.springframework.boot.devtools.restart.RestartApplicationListener -- Restart disabled due to context in which it is running

  .   ____          _            __ _ _
 /\\ / ___'_ __ _ _(_)_ __  __ _ \ \ \ \
( ( )\___ | '_ | '_| | '_ \/ _` | \ \ \ \
 \\/  ___)| |_)| | | | | || (_| |  ) ) ) )
  '  |____| .__|_| |_|_| |_\__, | / / / /
 =========|_|==============|___/=/_/_/_/

 :: Spring Boot ::                (v3.4.3)

2025-04-07T11:28:58.781-03:00  INFO 20839 --- [           main] c.c.aeroporto.AeroportoApplicationTests  : Starting AeroportoApplicationTests using Java 21.0.6 with PID 20839 (started by marta-nascimento in /home/marta-nascimento/p3-java/project)
2025-04-07T11:28:58.783-03:00  INFO 20839 --- [           main] c.c.aeroporto.AeroportoApplicationTests  : The following 1 profile is active: "test"
2025-04-07T11:28:59.659-03:00  INFO 20839 --- [           main] .s.d.r.c.RepositoryConfigurationDelegate : Bootstrapping Spring Data JPA repositories in DEFAULT mode.
2025-04-07T11:28:59.751-03:00  INFO 20839 --- [           main] .s.d.r.c.RepositoryConfigurationDelegate : Finished Spring Data repository scanning in 78 ms. Found 3 JPA repository interfaces.
2025-04-07T11:29:00.403-03:00  INFO 20839 --- [           main] o.hibernate.jpa.internal.util.LogHelper  : HHH000204: Processing PersistenceUnitInfo [name: default]
2025-04-07T11:29:00.459-03:00  INFO 20839 --- [           main] org.hibernate.Version                    : HHH000412: Hibernate ORM core version 6.6.8.Final
2025-04-07T11:29:00.506-03:00  INFO 20839 --- [           main] o.h.c.internal.RegionFactoryInitiator    : HHH000026: Second-level cache disabled
2025-04-07T11:29:00.836-03:00  INFO 20839 --- [           main] o.s.o.j.p.SpringPersistenceUnitInfo      : No LoadTimeWeaver setup: ignoring JPA class transformer
2025-04-07T11:29:00.885-03:00  INFO 20839 --- [           main] com.zaxxer.hikari.HikariDataSource       : HikariPool-1 - Starting...
2025-04-07T11:29:01.132-03:00  INFO 20839 --- [           main] com.zaxxer.hikari.pool.HikariPool        : HikariPool-1 - Added connection conn0: url=jdbc:h2:mem:testdb user=SA
2025-04-07T11:29:01.135-03:00  INFO 20839 --- [           main] com.zaxxer.hikari.HikariDataSource       : HikariPool-1 - Start completed.
2025-04-07T11:29:01.176-03:00  WARN 20839 --- [           main] org.hibernate.orm.deprecation            : HHH90000025: H2Dialect does not need to be specified explicitly using 'hibernate.dialect' (remove the property setting and it will be selected by default)
2025-04-07T11:29:01.202-03:00  INFO 20839 --- [           main] org.hibernate.orm.connections.pooling    : HHH10001005: Database info:
	Database JDBC URL [Connecting through datasource 'HikariDataSource (HikariPool-1)']
	Database driver: undefined/unknown
	Database version: 2.3.232
	Autocommit mode: undefined/unknown
	Isolation level: undefined/unknown
	Minimum pool size: undefined/unknown
	Maximum pool size: undefined/unknown
2025-04-07T11:29:02.287-03:00  INFO 20839 --- [           main] o.h.e.t.j.p.i.JtaPlatformInitiator       : HHH000489: No JTA platform available (set 'hibernate.transaction.jta.platform' to enable JTA platform integration)
Hibernate: 
    create table reservation (
        id bigint generated by default as identity,
        checked_in boolean not null,
        passenger_name varchar(255),
        reservation_date timestamp(6),
        flight_id bigint,
        primary key (id)
    )
Hibernate: 
    create table tb_airport (
        id bigint not null,
        city varchar(255),
        number integer,
        state varchar(255),
        street varchar(255),
        zip_code integer,
        primary key (id)
    )
Hibernate: 
    create table tb_airport_flights (
        airport_id bigint not null,
        flights_id bigint not null
    )
Hibernate: 
    create table tb_flights (
        id bigint generated by default as identity,
        arrival_time timestamp(6),
        departure_time timestamp(6),
        destination_city varchar(255),
        destination_number integer,
        destination_state varchar(255),
        destination_street varchar(255),
        destination_zip_code integer,
        flight_price float(53),
        origin_city varchar(255),
        origin_number integer,
        origin_state varchar(255),
        origin_street varchar(255),
        origin_zip_code integer,
        overweight_baggage_fee float(53),
        status integer,
        destination_airport_id bigint,
        origin_airport_id bigint,
        plane_id bigint,
        primary key (id)
    )
Hibernate: 
    create table tb_planes (
        id bigint generated by default as identity,
        max_luggage_weight float(53),
        max_passengers integer,
        max_weight_per_luggage float(53),
        max_weight_per_passenger float(53),
        model varchar(255),
        name varchar(255),
        total_allowed_passenger_weight float(53),
        primary key (id)
    )
Hibernate: 
    create table tb_planes_flights (
        plane_id bigint not null,
        flights_id bigint not null
    )
Hibernate: 
    create table tb_user_client (
        id bigint generated by default as identity,
        loyalty_points integer,
        primary key (id)
    )
Hibernate: 
    create table tb_user_pilot (
        id bigint generated by default as identity,
        canac integer,
        primary key (id)
    )
Hibernate: 
    alter table if exists tb_airport_flights 
       drop constraint if exists UK4gj50n94da59tq67mqh1depfx
Hibernate: 
    alter table if exists tb_airport_flights 
       add constraint UK4gj50n94da59tq67mqh1depfx unique (flights_id)
Hibernate: 
    alter table if exists tb_planes_flights 
       drop constraint if exists UKhpvyw11qcixefwghbpfhi4p9l
Hibernate: 
    alter table if exists tb_planes_flights 
       add constraint UKhpvyw11qcixefwghbpfhi4p9l unique (flights_id)
Hibernate: 
    alter table if exists reservation 
       add constraint FK2fbgyndj5cjmdbqjbow0qsnf8 
       foreign key (flight_id) 
       references tb_flights
Hibernate: 
    alter table if exists tb_airport_flights 
       add constraint FKi3qemjrgcbwm34nnb0ps2c2ga 
       foreign key (flights_id) 
       references tb_flights
Hibernate: 
    alter table if exists tb_airport_flights 
       add constraint FKd3v2xoesvgto11x7eybyl3tj3 
       foreign key (airport_id) 
       references tb_airport
Hibernate: 
    alter table if exists tb_flights 
       add constraint FKm4ndahno0v2do83gvw56cwbh0 
       foreign key (destination_airport_id) 
       references tb_airport
Hibernate: 
    alter table if exists tb_flights 
       add constraint FKjt714qhi9grw8gs1qskt1nx4o 
       foreign key (origin_airport_id) 
       references tb_airport
Hibernate: 
    alter table if exists tb_flights 
       add constraint FKh2d7ymgngtssc2xgpunp19epj 
       foreign key (plane_id) 
       references tb_planes
Hibernate: 
    alter table if exists tb_planes_flights 
       add constraint FKon880q9cxjs05m7kg978fl4re 
       foreign key (flights_id) 
       references tb_flights
Hibernate: 
    alter table if exists tb_planes_flights 
       add constraint FKo11x9rru25t9gu11gdyysvn7q 
       foreign key (plane_id) 
       references tb_planes
2025-04-07T11:29:02.392-03:00  INFO 20839 --- [           main] j.LocalContainerEntityManagerFactoryBean : Initialized JPA EntityManagerFactory for persistence unit 'default'
2025-04-07T11:29:02.702-03:00  INFO 20839 --- [           main] o.s.d.j.r.query.QueryEnhancerFactory     : Hibernate is in classpath; If applicable, HQL parser will be used.
2025-04-07T11:29:03.717-03:00  INFO 20839 --- [           main] o.s.b.a.h2.H2ConsoleAutoConfiguration    : H2 console available at '/h2-console'. Database available at 'jdbc:h2:mem:testdb'
2025-04-07T11:29:03.805-03:00  INFO 20839 --- [           main] c.c.aeroporto.AeroportoApplicationTests  : Started AeroportoApplicationTests in 5.477 seconds (process running for 6.669)
Hibernate: 
    insert 
    into
        tb_planes
        (max_luggage_weight, max_passengers, max_weight_per_luggage, max_weight_per_passenger, model, name, total_allowed_passenger_weight, id) 
    values
        (?, ?, ?, ?, ?, ?, ?, default)
Hibernate: 
    insert 
    into
        tb_flights
        (arrival_time, departure_time, destination_city, destination_number, destination_state, destination_street, destination_zip_code, destination_airport_id, flight_price, origin_city, origin_number, origin_state, origin_street, origin_zip_code, origin_airport_id, overweight_baggage_fee, plane_id, status, id) 
    values
        (?, ?, ?, ?, ?, ?, ?, ?, ?, ?, ?, ?, ?, ?, ?, ?, ?, ?, default)
Hibernate: 
    insert 
    into
        tb_flights
        (arrival_time, departure_time, destination_city, destination_number, destination_state, destination_street, destination_zip_code, destination_airport_id, flight_price, origin_city, origin_number, origin_state, origin_street, origin_zip_code, origin_airport_id, overweight_baggage_fee, plane_id, status, id) 
    values
        (?, ?, ?, ?, ?, ?, ?, ?, ?, ?, ?, ?, ?, ?, ?, ?, ?, ?, default)
]]></system-out>
    <system-err><![CDATA[Mockito is currently self-attaching to enable the inline-mock-maker. This will no longer work in future releases of the JDK. Please add Mockito as an agent to your build what is described in Mockito's documentation: https://javadoc.io/doc/org.mockito/mockito-core/latest/org/mockito/Mockito.html#0.3
WARNING: A Java agent has been loaded dynamically (/home/marta-nascimento/.m2/repository/net/bytebuddy/byte-buddy-agent/1.15.11/byte-buddy-agent-1.15.11.jar)
WARNING: If a serviceability tool is in use, please run with -XX:+EnableDynamicAgentLoading to hide this warning
WARNING: If a serviceability tool is not in use, please run with -Djdk.instrument.traceUsage for more information
WARNING: Dynamic loading of agents will be disallowed by default in a future release
]]></system-err>
  </testcase>
</testsuite>